2024-06-04T06:13:33.033Z info: Attempting to create a database connection
2024-06-04T06:13:33.173Z info: Database connection established
2024-06-04T06:13:33.174Z info: Database connection closed
2024-06-04T06:14:00.276Z info: Running cron job
2024-06-04T06:14:00.404Z info: No updated records found
2024-06-04T06:14:00.405Z info: Database connection closed after cron job
2024-06-04T06:15:00.783Z info: Running cron job
2024-06-04T06:15:01.238Z info: No updated records found
2024-06-04T06:15:01.239Z info: Database connection closed after cron job
2024-06-04T06:16:00.286Z info: Running cron job
2024-06-04T06:16:00.347Z info: No updated records found
2024-06-04T06:16:00.348Z info: Database connection closed after cron job
2024-06-04T06:17:00.808Z info: Running cron job
2024-06-04T06:17:01.229Z info: No updated records found
2024-06-04T06:17:01.229Z info: Database connection closed after cron job
2024-06-04T06:18:00.230Z info: Running cron job
2024-06-04T06:18:02.134Z info: No updated records found
2024-06-04T06:18:02.136Z info: Database connection closed after cron job
2024-06-04T06:19:00.730Z info: Running cron job
2024-06-04T06:19:00.922Z info: No updated records found
2024-06-04T06:19:00.923Z info: Database connection closed after cron job
2024-06-04T06:20:00.224Z info: Running cron job
2024-06-04T06:20:00.351Z info: No updated records found
2024-06-04T06:20:00.351Z info: Database connection closed after cron job
2024-06-04T06:21:00.688Z info: Running cron job
2024-06-04T06:21:00.724Z info: No updated records found
2024-06-04T06:21:00.725Z info: Database connection closed after cron job
2024-06-04T06:22:00.189Z info: Running cron job
2024-06-04T06:22:00.426Z info: No updated records found
2024-06-04T06:22:00.427Z info: Database connection closed after cron job
2024-06-04T06:23:00.632Z info: Running cron job
2024-06-04T06:23:00.666Z info: No updated records found
2024-06-04T06:23:00.667Z info: Database connection closed after cron job
2024-06-04T06:24:00.086Z info: Running cron job
2024-06-04T06:24:00.256Z info: No updated records found
2024-06-04T06:24:00.257Z info: Database connection closed after cron job
2024-06-04T06:25:00.547Z info: Running cron job
2024-06-04T06:25:00.819Z info: No updated records found
2024-06-04T06:25:00.820Z info: Database connection closed after cron job
2024-06-04T06:26:00.982Z info: Running cron job
2024-06-04T06:26:01.051Z info: No updated records found
2024-06-04T06:26:01.052Z info: Database connection closed after cron job
2024-06-04T06:27:00.462Z info: Running cron job
2024-06-04T06:27:00.601Z info: No updated records found
2024-06-04T06:27:00.602Z info: Database connection closed after cron job
2024-06-04T06:28:00.942Z info: Running cron job
2024-06-04T06:28:01.014Z info: No updated records found
2024-06-04T06:28:01.015Z info: Database connection closed after cron job
2024-06-04T06:29:00.348Z info: Running cron job
2024-06-04T06:29:00.501Z info: No updated records found
2024-06-04T06:29:00.502Z info: Database connection closed after cron job
2024-06-04T06:30:00.914Z info: Running cron job
2024-06-04T06:30:02.202Z info: No updated records found
2024-06-04T06:30:02.203Z info: Database connection closed after cron job
2024-06-04T06:31:00.475Z info: Running cron job
2024-06-04T06:31:00.532Z info: No updated records found
2024-06-04T06:31:00.533Z info: Database connection closed after cron job
2024-06-04T06:32:00.919Z info: Running cron job
2024-06-04T06:32:00.975Z info: No updated records found
2024-06-04T06:32:00.976Z info: Database connection closed after cron job
2024-06-04T06:33:00.371Z info: Running cron job
2024-06-04T06:33:00.530Z info: No updated records found
2024-06-04T06:33:00.531Z info: Database connection closed after cron job
2024-06-04T06:34:00.850Z info: Running cron job
2024-06-04T06:34:00.911Z info: No updated records found
2024-06-04T06:34:00.912Z info: Database connection closed after cron job
2024-06-04T06:35:00.327Z info: Running cron job
2024-06-04T06:35:00.424Z info: No updated records found
2024-06-04T06:35:00.425Z info: Database connection closed after cron job
2024-06-04T06:36:00.803Z info: Running cron job
2024-06-04T06:36:00.844Z info: No updated records found
2024-06-04T06:36:00.845Z info: Database connection closed after cron job
2024-06-04T06:37:00.302Z info: Running cron job
2024-06-04T06:37:00.441Z info: No updated records found
2024-06-04T06:37:00.442Z info: Database connection closed after cron job
2024-06-04T06:37:06.256Z info: Attempting to create a database connection
2024-06-04T06:37:06.348Z info: Database connection established
2024-06-04T06:37:06.349Z info: Database connection closed
2024-06-04T06:40:50.637Z info: Attempting to create a database connection
2024-06-04T06:40:50.772Z info: Database connection established
2024-06-04T06:40:50.773Z info: Database connection closed
2024-06-05T03:45:29.924Z info: Attempting to create a database connection
2024-06-05T03:45:30.123Z info: Database connection established
2024-06-05T03:45:30.123Z info: Database connection closed
2024-06-07T10:35:06.697Z info: Attempting to create a database connection
2024-06-07T10:35:07.433Z info: Database connection established
2024-06-07T10:35:07.435Z info: Database connection closed
2024-06-08T06:31:08.326Z info: Attempting to create a database connection
2024-06-08T06:31:08.446Z info: Database connection established
2024-06-08T06:31:08.447Z info: Database connection closed
2024-06-08T10:13:57.974Z info: Attempting to create a database connection
2024-06-08T10:13:58.109Z info: Database connection established
2024-06-08T10:13:58.109Z info: Database connection closed
2024-06-10T04:00:47.252Z info: Attempting to create a database connection
2024-06-10T04:00:47.752Z info: Database connection established
2024-06-10T04:00:47.753Z info: Database connection closed
2024-06-10T05:11:53.176Z info: Attempting to create a database connection
2024-06-10T05:11:53.286Z info: Database connection established
2024-06-10T05:11:53.287Z info: Database connection closed
2024-06-10T05:12:16.329Z info: Attempting to create a database connection
2024-06-10T05:12:16.406Z info: Database connection established
2024-06-10T05:12:16.407Z info: Database connection closed
2024-06-10T05:25:39.251Z info: Attempting to create a database connection
2024-06-10T05:25:39.416Z info: Database connection established
2024-06-10T05:25:39.417Z info: Database connection closed
2024-06-10T05:43:07.232Z info: Attempting to create a database connection
2024-06-10T05:43:07.318Z info: Database connection established
2024-06-10T05:43:07.319Z info: Database connection closed
2024-06-10T05:43:52.169Z info: Attempting to create a database connection
2024-06-10T05:43:52.257Z info: Database connection established
2024-06-10T05:43:52.258Z info: Database connection closed
2024-06-10T05:48:27.202Z info: Attempting to create a database connection
2024-06-10T05:48:27.365Z info: Database connection established
2024-06-10T05:48:27.367Z info: Database connection closed
2024-06-10T05:48:56.244Z info: Attempting to create a database connection
2024-06-10T05:48:56.343Z info: Database connection established
2024-06-10T05:48:56.344Z info: Database connection closed
2024-06-10T05:49:24.166Z info: Attempting to create a database connection
2024-06-10T05:49:24.251Z info: Database connection established
2024-06-10T05:49:24.251Z info: Database connection closed
2024-06-10T05:50:13.279Z info: Attempting to create a database connection
2024-06-10T05:50:13.406Z info: Database connection established
2024-06-10T05:50:13.407Z info: Database connection closed
2024-06-10T05:53:28.829Z info: Attempting to create a database connection
2024-06-10T05:53:29.003Z info: Database connection established
2024-06-10T05:53:29.004Z info: Database connection closed
2024-06-10T05:54:41.468Z info: Attempting to create a database connection
2024-06-10T05:54:41.554Z info: Database connection established
2024-06-10T05:54:41.555Z info: Database connection closed
2024-06-10T05:54:51.362Z info: Attempting to create a database connection
2024-06-10T05:54:51.471Z info: Database connection established
2024-06-10T05:54:51.471Z info: Database connection closed
2024-06-10T05:56:13.165Z info: Attempting to create a database connection
2024-06-10T05:56:13.256Z info: Database connection established
2024-06-10T05:56:13.257Z info: Database connection closed
2024-06-10T05:56:28.161Z info: Attempting to create a database connection
2024-06-10T05:56:28.248Z info: Database connection established
2024-06-10T05:56:28.249Z info: Database connection closed
2024-06-10T05:57:38.688Z info: Attempting to create a database connection
2024-06-10T05:57:38.926Z info: Database connection established
2024-06-10T05:57:38.927Z info: Database connection closed
2024-06-10T05:58:40.161Z info: Attempting to create a database connection
2024-06-10T05:58:40.266Z info: Database connection established
2024-06-10T05:58:40.267Z info: Database connection closed
2024-06-10T06:01:17.822Z info: Attempting to create a database connection
2024-06-10T06:01:18.301Z info: Database connection established
2024-06-10T06:01:18.302Z info: Database connection closed
2024-06-10T06:07:59.406Z info: Attempting to create a database connection
2024-06-10T06:07:59.493Z info: Database connection established
2024-06-10T06:07:59.494Z info: Database connection closed
2024-06-10T07:53:34.561Z info: Attempting to create a database connection
2024-06-10T07:53:44.931Z info: Database connection established
2024-06-10T07:53:44.933Z info: Database connection closed
2024-06-10T07:56:28.301Z info: Attempting to create a database connection
2024-06-10T07:56:28.384Z info: Database connection established
2024-06-10T07:56:28.385Z info: Database connection closed
2024-06-10T08:00:10.015Z info: Attempting to create a database connection
2024-06-10T08:00:10.719Z info: Database connection established
2024-06-10T08:00:10.720Z info: Database connection closed
2024-06-10T08:03:54.298Z info: Attempting to create a database connection
2024-06-10T08:03:54.392Z info: Database connection established
2024-06-10T08:03:54.393Z info: Database connection closed
2024-06-10T08:04:17.462Z info: Attempting to create a database connection
2024-06-10T08:04:17.868Z info: Database connection established
2024-06-10T08:04:17.869Z info: Database connection closed
2024-06-10T08:08:21.754Z info: Attempting to create a database connection
2024-06-10T08:08:22.179Z info: Database connection established
2024-06-10T08:08:22.179Z info: Database connection closed
2024-06-10T08:13:55.221Z info: Attempting to create a database connection
2024-06-10T08:13:55.302Z info: Database connection established
2024-06-10T08:13:55.302Z info: Database connection closed
2024-06-10T08:19:19.511Z info: Attempting to create a database connection
2024-06-10T08:19:19.599Z info: Database connection established
2024-06-10T08:19:19.600Z info: Database connection closed
2024-06-10T09:08:36.434Z info: Attempting to create a database connection
2024-06-10T09:08:36.606Z info: Database connection established
2024-06-10T09:08:36.607Z info: Database connection closed
2024-06-10T09:40:01.266Z info: Attempting to create a database connection
2024-06-10T09:40:01.360Z info: Database connection established
2024-06-10T09:40:01.360Z info: Database connection closed
2024-06-10T10:18:37.715Z info: Attempting to create a database connection
2024-06-10T10:18:37.790Z info: Database connection established
2024-06-10T10:18:37.791Z info: Database connection closed
2024-06-10T10:21:21.351Z info: Attempting to create a database connection
2024-06-10T10:21:21.783Z info: Database connection established
2024-06-10T10:21:21.783Z info: Database connection closed
2024-06-10T10:38:13.310Z info: Attempting to create a database connection
2024-06-10T10:38:13.492Z info: Database connection established
2024-06-10T10:38:13.493Z info: Database connection closed
2024-06-10T10:38:24.074Z info: Attempting to create a database connection
2024-06-10T10:38:24.156Z info: Database connection established
2024-06-10T10:38:24.157Z info: Database connection closed
2024-06-10T10:40:06.318Z info: Attempting to create a database connection
2024-06-10T10:40:06.515Z info: Database connection established
2024-06-10T10:40:06.515Z info: Database connection closed
2024-06-10T10:49:08.525Z info: Attempting to create a database connection
2024-06-10T10:49:08.629Z info: Database connection established
2024-06-10T10:49:08.630Z info: Database connection closed
2024-06-10T10:50:28.022Z info: Attempting to create a database connection
2024-06-10T10:50:28.110Z info: Database connection established
2024-06-10T10:50:28.111Z info: Database connection closed
2024-06-10T10:52:57.327Z info: Attempting to create a database connection
2024-06-10T10:52:57.454Z info: Database connection established
2024-06-10T10:52:57.455Z info: Database connection closed
2024-06-10T10:53:16.287Z info: Attempting to create a database connection
2024-06-10T10:53:16.374Z info: Database connection established
2024-06-10T10:53:16.375Z info: Database connection closed
2024-06-11T04:03:19.539Z info: Attempting to create a database connection
2024-06-11T04:03:19.720Z info: Database connection established
2024-06-11T04:03:19.721Z info: Database connection closed
2024-06-11T05:23:15.164Z info: Attempting to create a database connection
2024-06-11T05:23:15.273Z info: Database connection established
2024-06-11T05:23:15.273Z info: Database connection closed
2024-06-11T05:24:25.100Z info: Attempting to create a database connection
2024-06-11T05:24:25.636Z info: Database connection established
2024-06-11T05:24:25.637Z info: Database connection closed
2024-06-11T05:26:33.491Z info: Attempting to create a database connection
2024-06-11T05:26:33.598Z info: Database connection established
2024-06-11T05:26:33.599Z info: Database connection closed
2024-06-11T05:27:38.920Z info: Attempting to create a database connection
2024-06-11T05:27:39.012Z info: Database connection established
2024-06-11T05:27:39.013Z info: Database connection closed
2024-06-14T05:45:00.679Z info: Attempting to create a database connection
2024-06-14T05:45:01.158Z info: Database connection established
2024-06-14T05:45:01.159Z info: Database connection closed
2024-06-15T04:13:37.967Z info: Attempting to create a database connection
2024-06-15T04:13:38.475Z info: Database connection established
2024-06-15T04:13:38.477Z info: Database connection closed
2024-06-15T05:39:02.163Z info: Attempting to create a database connection
2024-06-15T05:39:02.347Z info: Database connection established
2024-06-15T05:39:02.348Z info: Database connection closed
2024-06-15T05:41:08.002Z info: Attempting to create a database connection
2024-06-15T05:41:08.258Z info: Database connection established
2024-06-15T05:41:08.259Z info: Database connection closed
2024-06-15T05:59:55.964Z info: Attempting to create a database connection
2024-06-15T05:59:56.226Z info: Database connection established
2024-06-15T05:59:56.228Z info: Database connection closed
2024-06-15T06:02:14.563Z info: Attempting to create a database connection
2024-06-15T06:02:14.639Z info: Database connection established
2024-06-15T06:02:14.640Z info: Database connection closed
2024-06-15T06:02:21.027Z info: Attempting to create a database connection
2024-06-15T06:02:21.101Z info: Database connection established
2024-06-15T06:02:21.102Z info: Database connection closed
2024-06-15T06:06:37.594Z info: Attempting to create a database connection
2024-06-15T06:06:37.674Z info: Database connection established
2024-06-15T06:06:37.674Z info: Database connection closed
2024-06-15T06:07:01.515Z info: Attempting to create a database connection
2024-06-15T06:07:01.600Z info: Database connection established
2024-06-15T06:07:01.601Z info: Database connection closed
2024-06-15T06:08:24.489Z info: Attempting to create a database connection
2024-06-15T06:08:24.591Z info: Database connection established
2024-06-15T06:08:24.592Z info: Database connection closed
2024-06-15T06:09:43.526Z info: Attempting to create a database connection
2024-06-15T06:09:44.464Z info: Database connection established
2024-06-15T06:09:44.466Z info: Database connection closed
2024-06-15T06:10:28.495Z info: Attempting to create a database connection
2024-06-15T06:10:28.623Z info: Database connection established
2024-06-15T06:10:28.624Z info: Database connection closed
2024-06-15T06:10:58.633Z info: Attempting to create a database connection
2024-06-15T06:10:58.731Z info: Database connection established
2024-06-15T06:10:58.731Z info: Database connection closed
2024-06-15T06:11:02.330Z info: Attempting to create a database connection
2024-06-15T06:11:02.428Z info: Database connection established
2024-06-15T06:11:02.428Z info: Database connection closed
2024-06-15T06:13:11.991Z info: Attempting to create a database connection
2024-06-15T06:13:12.067Z info: Database connection established
2024-06-15T06:13:12.068Z info: Database connection closed
2024-06-15T06:14:03.577Z info: Attempting to create a database connection
2024-06-15T06:14:03.649Z info: Database connection established
2024-06-15T06:14:03.650Z info: Database connection closed
2024-06-15T06:19:09.502Z info: Attempting to create a database connection
2024-06-15T06:19:09.578Z info: Database connection established
2024-06-15T06:19:09.579Z info: Database connection closed
2024-06-15T06:20:41.301Z info: Attempting to create a database connection
2024-06-15T06:20:41.388Z info: Database connection established
2024-06-15T06:20:41.389Z info: Database connection closed
2024-06-15T06:42:16.425Z info: Attempting to create a database connection
2024-06-15T06:42:16.501Z info: Database connection established
2024-06-15T06:42:16.502Z info: Database connection closed
2024-06-15T06:42:29.310Z info: Attempting to create a database connection
2024-06-15T06:42:29.564Z info: Database connection established
2024-06-15T06:42:29.565Z info: Database connection closed
2024-06-15T06:48:57.147Z info: Attempting to create a database connection
2024-06-15T06:48:57.242Z info: Database connection established
2024-06-15T06:48:57.243Z info: Database connection closed
2024-06-15T07:41:50.193Z info: Attempting to create a database connection
2024-06-15T07:41:50.290Z info: Database connection established
2024-06-15T07:41:50.291Z info: Database connection closed
2024-06-15T07:43:37.222Z info: Attempting to create a database connection
2024-06-15T07:43:38.308Z info: Database connection established
2024-06-15T07:43:38.310Z info: Database connection closed
2024-06-15T07:44:02.364Z info: Attempting to create a database connection
2024-06-15T07:44:02.453Z info: Database connection established
2024-06-15T07:44:02.453Z info: Database connection closed
2024-06-15T07:44:41.804Z info: Attempting to create a database connection
2024-06-15T07:44:41.962Z info: Database connection established
2024-06-15T07:44:41.975Z info: Database connection closed
