May 16, 2024 4:39:34 PM dbmanager.Demo_Script main
INFO: Using default log file path: C:\Users\Shravani\OneDrive\Pictures\Auto\Forstu_Automation\Elicpse\123\selenium_logs.log
May 16, 2024 4:39:34 PM dbmanager.Demo_Script main
SEVERE: Error creating log file: The system cannot find the path specified
May 16, 2024 4:39:51 PM dbmanager.Demo_Script main
INFO: Chrome open url.
May 16, 2024 4:39:55 PM dbmanager.Demo_Script main
INFO: Username
May 16, 2024 4:39:55 PM dbmanager.Demo_Script main
INFO: password
May 16, 2024 4:40:09 PM dbmanager.Demo_Script main
INFO: Captcha uploaded sucessfully
May 16, 2024 4:40:11 PM dbmanager.Demo_Script main
INFO: login sucessfully
May 16, 2024 4:40:14 PM dbmanager.Demo_Script main
INFO: Clicking on profile sucessfully
May 16, 2024 4:40:16 PM dbmanager.Demo_Script main
INFO: Enter the name  sucessfully
May 16, 2024 4:40:18 PM dbmanager.Demo_Script main
INFO:  Parent Mobile number sucessfully
May 16, 2024 4:45:00 PM dbmanager.Demo_Script main
INFO: Using default log file path: C:\Users\Shravani\OneDrive\Pictures\Auto\Forstu_Automation\Elicpse\123\selenium_logs.log
May 16, 2024 4:45:00 PM dbmanager.Demo_Script main
SEVERE: Error creating log file: The system cannot find the path specified
May 16, 2024 4:45:05 PM dbmanager.Demo_Script main
INFO: Chrome open url.
May 16, 2024 4:45:09 PM dbmanager.Demo_Script main
INFO: Username
May 16, 2024 4:45:09 PM dbmanager.Demo_Script main
INFO: password
May 16, 2024 4:45:23 PM dbmanager.Demo_Script main
INFO: Captcha uploaded sucessfully
